ERROR - 2024-02-14 00:06:41 --> mysqli_sql_exception: You have an error in your SQL syntax; check the manual that corresponds to your MariaDB server version for the right syntax to use near ':codigo' at line 1 in C:\projects\Loja-virtual\Loja-Virtual\system\Database\MySQLi\Connection.php:306
Stack trace:
#0 C:\projects\Loja-virtual\Loja-Virtual\system\Database\MySQLi\Connection.php(306): mysqli->query('SELECT codigo_p...', 0)
#1 C:\projects\Loja-virtual\Loja-Virtual\system\Database\BaseConnection.php(693): CodeIgniter\Database\MySQLi\Connection->execute('SELECT codigo_p...')
#2 C:\projects\Loja-virtual\Loja-Virtual\system\Database\BaseConnection.php(607): CodeIgniter\Database\BaseConnection->simpleQuery('SELECT codigo_p...')
#3 C:\projects\Loja-virtual\Loja-Virtual\app\Controllers\Action.php(23): CodeIgniter\Database\BaseConnection->query('SELECT codigo_p...', Array)
#4 C:\projects\Loja-virtual\Loja-Virtual\system\CodeIgniter.php(941): App\Controllers\Action->index()
#5 C:\projects\Loja-virtual\Loja-Virtual\system\CodeIgniter.php(502): CodeIgniter\CodeIgniter->runController(Object(App\Controllers\Action))
#6 C:\projects\Loja-virtual\Loja-Virtual\system\CodeIgniter.php(361): CodeIgniter\CodeIgniter->handleRequest(NULL, Object(Config\Cache), false)
#7 C:\projects\Loja-virtual\Loja-Virtual\public\index.php(79): CodeIgniter\CodeIgniter->run()
#8 C:\projects\Loja-virtual\Loja-Virtual\system\Commands\Server\rewrite.php(47): require_once('C:\\projects\\Loj...')
#9 {main}
CRITICAL - 2024-02-14 00:06:41 --> CodeIgniter\Database\Exceptions\DatabaseException: You have an error in your SQL syntax; check the manual that corresponds to your MariaDB server version for the right syntax to use near ':codigo' at line 1
in SYSTEMPATH\Database\BaseConnection.php on line 647.
 1 APPPATH\Controllers\Action.php(23): CodeIgniter\Database\BaseConnection->query('SELECT codigo_produto FROM carrinho WHERE codigo_produto = :codigo', [...])
 2 SYSTEMPATH\CodeIgniter.php(941): App\Controllers\Action->index()
 3 SYSTEMPATH\CodeIgniter.php(502): CodeIgniter\CodeIgniter->runController(Object(App\Controllers\Action))
 4 SYSTEMPATH\CodeIgniter.php(361): CodeIgniter\CodeIgniter->handleRequest(null, Object(Config\Cache), false)
 5 FCPATH\index.php(79): CodeIgniter\CodeIgniter->run()
 6 SYSTEMPATH\Commands\Server\rewrite.php(47): require_once('C:\\projects\\Loja-virtual\\Loja-Virtual\\public\\index.php')
CRITICAL - 2024-02-14 00:06:41 --> [Caused by] CodeIgniter\Database\Exceptions\DatabaseException: You have an error in your SQL syntax; check the manual that corresponds to your MariaDB server version for the right syntax to use near ':codigo' at line 1
in SYSTEMPATH\Database\MySQLi\Connection.php on line 311.
 1 SYSTEMPATH\Database\BaseConnection.php(693): CodeIgniter\Database\MySQLi\Connection->execute('SELECT codigo_produto FROM carrinho WHERE codigo_produto = :codigo')
 2 SYSTEMPATH\Database\BaseConnection.php(607): CodeIgniter\Database\BaseConnection->simpleQuery('SELECT codigo_produto FROM carrinho WHERE codigo_produto = :codigo')
 3 APPPATH\Controllers\Action.php(23): CodeIgniter\Database\BaseConnection->query('SELECT codigo_produto FROM carrinho WHERE codigo_produto = :codigo', [...])
 4 SYSTEMPATH\CodeIgniter.php(941): App\Controllers\Action->index()
 5 SYSTEMPATH\CodeIgniter.php(502): CodeIgniter\CodeIgniter->runController(Object(App\Controllers\Action))
 6 SYSTEMPATH\CodeIgniter.php(361): CodeIgniter\CodeIgniter->handleRequest(null, Object(Config\Cache), false)
 7 FCPATH\index.php(79): CodeIgniter\CodeIgniter->run()
 8 SYSTEMPATH\Commands\Server\rewrite.php(47): require_once('C:\\projects\\Loja-virtual\\Loja-Virtual\\public\\index.php')
CRITICAL - 2024-02-14 00:06:41 --> [Caused by] mysqli_sql_exception: You have an error in your SQL syntax; check the manual that corresponds to your MariaDB server version for the right syntax to use near ':codigo' at line 1
in SYSTEMPATH\Database\MySQLi\Connection.php on line 306.
 1 SYSTEMPATH\Database\MySQLi\Connection.php(306): mysqli->query('SELECT codigo_produto FROM carrinho WHERE codigo_produto = :codigo', 0)
 2 SYSTEMPATH\Database\BaseConnection.php(693): CodeIgniter\Database\MySQLi\Connection->execute('SELECT codigo_produto FROM carrinho WHERE codigo_produto = :codigo')
 3 SYSTEMPATH\Database\BaseConnection.php(607): CodeIgniter\Database\BaseConnection->simpleQuery('SELECT codigo_produto FROM carrinho WHERE codigo_produto = :codigo')
 4 APPPATH\Controllers\Action.php(23): CodeIgniter\Database\BaseConnection->query('SELECT codigo_produto FROM carrinho WHERE codigo_produto = :codigo', [...])
 5 SYSTEMPATH\CodeIgniter.php(941): App\Controllers\Action->index()
 6 SYSTEMPATH\CodeIgniter.php(502): CodeIgniter\CodeIgniter->runController(Object(App\Controllers\Action))
 7 SYSTEMPATH\CodeIgniter.php(361): CodeIgniter\CodeIgniter->handleRequest(null, Object(Config\Cache), false)
 8 FCPATH\index.php(79): CodeIgniter\CodeIgniter->run()
 9 SYSTEMPATH\Commands\Server\rewrite.php(47): require_once('C:\\projects\\Loja-virtual\\Loja-Virtual\\public\\index.php')
ERROR - 2024-02-14 00:06:44 --> mysqli_sql_exception: You have an error in your SQL syntax; check the manual that corresponds to your MariaDB server version for the right syntax to use near ':codigo' at line 1 in C:\projects\Loja-virtual\Loja-Virtual\system\Database\MySQLi\Connection.php:306
Stack trace:
#0 C:\projects\Loja-virtual\Loja-Virtual\system\Database\MySQLi\Connection.php(306): mysqli->query('SELECT codigo_p...', 0)
#1 C:\projects\Loja-virtual\Loja-Virtual\system\Database\BaseConnection.php(693): CodeIgniter\Database\MySQLi\Connection->execute('SELECT codigo_p...')
#2 C:\projects\Loja-virtual\Loja-Virtual\system\Database\BaseConnection.php(607): CodeIgniter\Database\BaseConnection->simpleQuery('SELECT codigo_p...')
#3 C:\projects\Loja-virtual\Loja-Virtual\app\Controllers\Action.php(23): CodeIgniter\Database\BaseConnection->query('SELECT codigo_p...', Array)
#4 C:\projects\Loja-virtual\Loja-Virtual\system\CodeIgniter.php(941): App\Controllers\Action->index()
#5 C:\projects\Loja-virtual\Loja-Virtual\system\CodeIgniter.php(502): CodeIgniter\CodeIgniter->runController(Object(App\Controllers\Action))
#6 C:\projects\Loja-virtual\Loja-Virtual\system\CodeIgniter.php(361): CodeIgniter\CodeIgniter->handleRequest(NULL, Object(Config\Cache), false)
#7 C:\projects\Loja-virtual\Loja-Virtual\public\index.php(79): CodeIgniter\CodeIgniter->run()
#8 C:\projects\Loja-virtual\Loja-Virtual\system\Commands\Server\rewrite.php(47): require_once('C:\\projects\\Loj...')
#9 {main}
CRITICAL - 2024-02-14 00:06:44 --> CodeIgniter\Database\Exceptions\DatabaseException: You have an error in your SQL syntax; check the manual that corresponds to your MariaDB server version for the right syntax to use near ':codigo' at line 1
in SYSTEMPATH\Database\BaseConnection.php on line 647.
 1 APPPATH\Controllers\Action.php(23): CodeIgniter\Database\BaseConnection->query('SELECT codigo_produto FROM carrinho WHERE codigo_produto = :codigo', [...])
 2 SYSTEMPATH\CodeIgniter.php(941): App\Controllers\Action->index()
 3 SYSTEMPATH\CodeIgniter.php(502): CodeIgniter\CodeIgniter->runController(Object(App\Controllers\Action))
 4 SYSTEMPATH\CodeIgniter.php(361): CodeIgniter\CodeIgniter->handleRequest(null, Object(Config\Cache), false)
 5 FCPATH\index.php(79): CodeIgniter\CodeIgniter->run()
 6 SYSTEMPATH\Commands\Server\rewrite.php(47): require_once('C:\\projects\\Loja-virtual\\Loja-Virtual\\public\\index.php')
CRITICAL - 2024-02-14 00:06:44 --> [Caused by] CodeIgniter\Database\Exceptions\DatabaseException: You have an error in your SQL syntax; check the manual that corresponds to your MariaDB server version for the right syntax to use near ':codigo' at line 1
in SYSTEMPATH\Database\MySQLi\Connection.php on line 311.
 1 SYSTEMPATH\Database\BaseConnection.php(693): CodeIgniter\Database\MySQLi\Connection->execute('SELECT codigo_produto FROM carrinho WHERE codigo_produto = :codigo')
 2 SYSTEMPATH\Database\BaseConnection.php(607): CodeIgniter\Database\BaseConnection->simpleQuery('SELECT codigo_produto FROM carrinho WHERE codigo_produto = :codigo')
 3 APPPATH\Controllers\Action.php(23): CodeIgniter\Database\BaseConnection->query('SELECT codigo_produto FROM carrinho WHERE codigo_produto = :codigo', [...])
 4 SYSTEMPATH\CodeIgniter.php(941): App\Controllers\Action->index()
 5 SYSTEMPATH\CodeIgniter.php(502): CodeIgniter\CodeIgniter->runController(Object(App\Controllers\Action))
 6 SYSTEMPATH\CodeIgniter.php(361): CodeIgniter\CodeIgniter->handleRequest(null, Object(Config\Cache), false)
 7 FCPATH\index.php(79): CodeIgniter\CodeIgniter->run()
 8 SYSTEMPATH\Commands\Server\rewrite.php(47): require_once('C:\\projects\\Loja-virtual\\Loja-Virtual\\public\\index.php')
CRITICAL - 2024-02-14 00:06:44 --> [Caused by] mysqli_sql_exception: You have an error in your SQL syntax; check the manual that corresponds to your MariaDB server version for the right syntax to use near ':codigo' at line 1
in SYSTEMPATH\Database\MySQLi\Connection.php on line 306.
 1 SYSTEMPATH\Database\MySQLi\Connection.php(306): mysqli->query('SELECT codigo_produto FROM carrinho WHERE codigo_produto = :codigo', 0)
 2 SYSTEMPATH\Database\BaseConnection.php(693): CodeIgniter\Database\MySQLi\Connection->execute('SELECT codigo_produto FROM carrinho WHERE codigo_produto = :codigo')
 3 SYSTEMPATH\Database\BaseConnection.php(607): CodeIgniter\Database\BaseConnection->simpleQuery('SELECT codigo_produto FROM carrinho WHERE codigo_produto = :codigo')
 4 APPPATH\Controllers\Action.php(23): CodeIgniter\Database\BaseConnection->query('SELECT codigo_produto FROM carrinho WHERE codigo_produto = :codigo', [...])
 5 SYSTEMPATH\CodeIgniter.php(941): App\Controllers\Action->index()
 6 SYSTEMPATH\CodeIgniter.php(502): CodeIgniter\CodeIgniter->runController(Object(App\Controllers\Action))
 7 SYSTEMPATH\CodeIgniter.php(361): CodeIgniter\CodeIgniter->handleRequest(null, Object(Config\Cache), false)
 8 FCPATH\index.php(79): CodeIgniter\CodeIgniter->run()
 9 SYSTEMPATH\Commands\Server\rewrite.php(47): require_once('C:\\projects\\Loja-virtual\\Loja-Virtual\\public\\index.php')
ERROR - 2024-02-14 00:06:48 --> mysqli_sql_exception: You have an error in your SQL syntax; check the manual that corresponds to your MariaDB server version for the right syntax to use near ':codigo' at line 1 in C:\projects\Loja-virtual\Loja-Virtual\system\Database\MySQLi\Connection.php:306
Stack trace:
#0 C:\projects\Loja-virtual\Loja-Virtual\system\Database\MySQLi\Connection.php(306): mysqli->query('SELECT codigo_p...', 0)
#1 C:\projects\Loja-virtual\Loja-Virtual\system\Database\BaseConnection.php(693): CodeIgniter\Database\MySQLi\Connection->execute('SELECT codigo_p...')
#2 C:\projects\Loja-virtual\Loja-Virtual\system\Database\BaseConnection.php(607): CodeIgniter\Database\BaseConnection->simpleQuery('SELECT codigo_p...')
#3 C:\projects\Loja-virtual\Loja-Virtual\app\Controllers\Action.php(23): CodeIgniter\Database\BaseConnection->query('SELECT codigo_p...', Array)
#4 C:\projects\Loja-virtual\Loja-Virtual\system\CodeIgniter.php(941): App\Controllers\Action->index()
#5 C:\projects\Loja-virtual\Loja-Virtual\system\CodeIgniter.php(502): CodeIgniter\CodeIgniter->runController(Object(App\Controllers\Action))
#6 C:\projects\Loja-virtual\Loja-Virtual\system\CodeIgniter.php(361): CodeIgniter\CodeIgniter->handleRequest(NULL, Object(Config\Cache), false)
#7 C:\projects\Loja-virtual\Loja-Virtual\public\index.php(79): CodeIgniter\CodeIgniter->run()
#8 C:\projects\Loja-virtual\Loja-Virtual\system\Commands\Server\rewrite.php(47): require_once('C:\\projects\\Loj...')
#9 {main}
CRITICAL - 2024-02-14 00:06:48 --> CodeIgniter\Database\Exceptions\DatabaseException: You have an error in your SQL syntax; check the manual that corresponds to your MariaDB server version for the right syntax to use near ':codigo' at line 1
in SYSTEMPATH\Database\BaseConnection.php on line 647.
 1 APPPATH\Controllers\Action.php(23): CodeIgniter\Database\BaseConnection->query('SELECT codigo_produto FROM carrinho WHERE codigo_produto = :codigo', [...])
 2 SYSTEMPATH\CodeIgniter.php(941): App\Controllers\Action->index()
 3 SYSTEMPATH\CodeIgniter.php(502): CodeIgniter\CodeIgniter->runController(Object(App\Controllers\Action))
 4 SYSTEMPATH\CodeIgniter.php(361): CodeIgniter\CodeIgniter->handleRequest(null, Object(Config\Cache), false)
 5 FCPATH\index.php(79): CodeIgniter\CodeIgniter->run()
 6 SYSTEMPATH\Commands\Server\rewrite.php(47): require_once('C:\\projects\\Loja-virtual\\Loja-Virtual\\public\\index.php')
CRITICAL - 2024-02-14 00:06:48 --> [Caused by] CodeIgniter\Database\Exceptions\DatabaseException: You have an error in your SQL syntax; check the manual that corresponds to your MariaDB server version for the right syntax to use near ':codigo' at line 1
in SYSTEMPATH\Database\MySQLi\Connection.php on line 311.
 1 SYSTEMPATH\Database\BaseConnection.php(693): CodeIgniter\Database\MySQLi\Connection->execute('SELECT codigo_produto FROM carrinho WHERE codigo_produto = :codigo')
 2 SYSTEMPATH\Database\BaseConnection.php(607): CodeIgniter\Database\BaseConnection->simpleQuery('SELECT codigo_produto FROM carrinho WHERE codigo_produto = :codigo')
 3 APPPATH\Controllers\Action.php(23): CodeIgniter\Database\BaseConnection->query('SELECT codigo_produto FROM carrinho WHERE codigo_produto = :codigo', [...])
 4 SYSTEMPATH\CodeIgniter.php(941): App\Controllers\Action->index()
 5 SYSTEMPATH\CodeIgniter.php(502): CodeIgniter\CodeIgniter->runController(Object(App\Controllers\Action))
 6 SYSTEMPATH\CodeIgniter.php(361): CodeIgniter\CodeIgniter->handleRequest(null, Object(Config\Cache), false)
 7 FCPATH\index.php(79): CodeIgniter\CodeIgniter->run()
 8 SYSTEMPATH\Commands\Server\rewrite.php(47): require_once('C:\\projects\\Loja-virtual\\Loja-Virtual\\public\\index.php')
CRITICAL - 2024-02-14 00:06:48 --> [Caused by] mysqli_sql_exception: You have an error in your SQL syntax; check the manual that corresponds to your MariaDB server version for the right syntax to use near ':codigo' at line 1
in SYSTEMPATH\Database\MySQLi\Connection.php on line 306.
 1 SYSTEMPATH\Database\MySQLi\Connection.php(306): mysqli->query('SELECT codigo_produto FROM carrinho WHERE codigo_produto = :codigo', 0)
 2 SYSTEMPATH\Database\BaseConnection.php(693): CodeIgniter\Database\MySQLi\Connection->execute('SELECT codigo_produto FROM carrinho WHERE codigo_produto = :codigo')
 3 SYSTEMPATH\Database\BaseConnection.php(607): CodeIgniter\Database\BaseConnection->simpleQuery('SELECT codigo_produto FROM carrinho WHERE codigo_produto = :codigo')
 4 APPPATH\Controllers\Action.php(23): CodeIgniter\Database\BaseConnection->query('SELECT codigo_produto FROM carrinho WHERE codigo_produto = :codigo', [...])
 5 SYSTEMPATH\CodeIgniter.php(941): App\Controllers\Action->index()
 6 SYSTEMPATH\CodeIgniter.php(502): CodeIgniter\CodeIgniter->runController(Object(App\Controllers\Action))
 7 SYSTEMPATH\CodeIgniter.php(361): CodeIgniter\CodeIgniter->handleRequest(null, Object(Config\Cache), false)
 8 FCPATH\index.php(79): CodeIgniter\CodeIgniter->run()
 9 SYSTEMPATH\Commands\Server\rewrite.php(47): require_once('C:\\projects\\Loja-virtual\\Loja-Virtual\\public\\index.php')
ERROR - 2024-02-14 00:09:23 --> mysqli_sql_exception: You have an error in your SQL syntax; check the manual that corresponds to your MariaDB server version for the right syntax to use near ':codigo' at line 1 in C:\projects\Loja-virtual\Loja-Virtual\system\Database\MySQLi\Connection.php:306
Stack trace:
#0 C:\projects\Loja-virtual\Loja-Virtual\system\Database\MySQLi\Connection.php(306): mysqli->query('SELECT codigo_p...', 0)
#1 C:\projects\Loja-virtual\Loja-Virtual\system\Database\BaseConnection.php(693): CodeIgniter\Database\MySQLi\Connection->execute('SELECT codigo_p...')
#2 C:\projects\Loja-virtual\Loja-Virtual\system\Database\BaseConnection.php(607): CodeIgniter\Database\BaseConnection->simpleQuery('SELECT codigo_p...')
#3 C:\projects\Loja-virtual\Loja-Virtual\app\Controllers\Action.php(22): CodeIgniter\Database\BaseConnection->query('SELECT codigo_p...', Array)
#4 C:\projects\Loja-virtual\Loja-Virtual\system\CodeIgniter.php(941): App\Controllers\Action->index()
#5 C:\projects\Loja-virtual\Loja-Virtual\system\CodeIgniter.php(502): CodeIgniter\CodeIgniter->runController(Object(App\Controllers\Action))
#6 C:\projects\Loja-virtual\Loja-Virtual\system\CodeIgniter.php(361): CodeIgniter\CodeIgniter->handleRequest(NULL, Object(Config\Cache), false)
#7 C:\projects\Loja-virtual\Loja-Virtual\public\index.php(79): CodeIgniter\CodeIgniter->run()
#8 C:\projects\Loja-virtual\Loja-Virtual\system\Commands\Server\rewrite.php(47): require_once('C:\\projects\\Loj...')
#9 {main}
CRITICAL - 2024-02-14 00:09:23 --> CodeIgniter\Database\Exceptions\DatabaseException: You have an error in your SQL syntax; check the manual that corresponds to your MariaDB server version for the right syntax to use near ':codigo' at line 1
in SYSTEMPATH\Database\BaseConnection.php on line 647.
 1 APPPATH\Controllers\Action.php(22): CodeIgniter\Database\BaseConnection->query('SELECT codigo_produto FROM carrinho WHERE codigo_produto = :codigo', [...])
 2 SYSTEMPATH\CodeIgniter.php(941): App\Controllers\Action->index()
 3 SYSTEMPATH\CodeIgniter.php(502): CodeIgniter\CodeIgniter->runController(Object(App\Controllers\Action))
 4 SYSTEMPATH\CodeIgniter.php(361): CodeIgniter\CodeIgniter->handleRequest(null, Object(Config\Cache), false)
 5 FCPATH\index.php(79): CodeIgniter\CodeIgniter->run()
 6 SYSTEMPATH\Commands\Server\rewrite.php(47): require_once('C:\\projects\\Loja-virtual\\Loja-Virtual\\public\\index.php')
CRITICAL - 2024-02-14 00:09:23 --> [Caused by] CodeIgniter\Database\Exceptions\DatabaseException: You have an error in your SQL syntax; check the manual that corresponds to your MariaDB server version for the right syntax to use near ':codigo' at line 1
in SYSTEMPATH\Database\MySQLi\Connection.php on line 311.
 1 SYSTEMPATH\Database\BaseConnection.php(693): CodeIgniter\Database\MySQLi\Connection->execute('SELECT codigo_produto FROM carrinho WHERE codigo_produto = :codigo')
 2 SYSTEMPATH\Database\BaseConnection.php(607): CodeIgniter\Database\BaseConnection->simpleQuery('SELECT codigo_produto FROM carrinho WHERE codigo_produto = :codigo')
 3 APPPATH\Controllers\Action.php(22): CodeIgniter\Database\BaseConnection->query('SELECT codigo_produto FROM carrinho WHERE codigo_produto = :codigo', [...])
 4 SYSTEMPATH\CodeIgniter.php(941): App\Controllers\Action->index()
 5 SYSTEMPATH\CodeIgniter.php(502): CodeIgniter\CodeIgniter->runController(Object(App\Controllers\Action))
 6 SYSTEMPATH\CodeIgniter.php(361): CodeIgniter\CodeIgniter->handleRequest(null, Object(Config\Cache), false)
 7 FCPATH\index.php(79): CodeIgniter\CodeIgniter->run()
 8 SYSTEMPATH\Commands\Server\rewrite.php(47): require_once('C:\\projects\\Loja-virtual\\Loja-Virtual\\public\\index.php')
CRITICAL - 2024-02-14 00:09:23 --> [Caused by] mysqli_sql_exception: You have an error in your SQL syntax; check the manual that corresponds to your MariaDB server version for the right syntax to use near ':codigo' at line 1
in SYSTEMPATH\Database\MySQLi\Connection.php on line 306.
 1 SYSTEMPATH\Database\MySQLi\Connection.php(306): mysqli->query('SELECT codigo_produto FROM carrinho WHERE codigo_produto = :codigo', 0)
 2 SYSTEMPATH\Database\BaseConnection.php(693): CodeIgniter\Database\MySQLi\Connection->execute('SELECT codigo_produto FROM carrinho WHERE codigo_produto = :codigo')
 3 SYSTEMPATH\Database\BaseConnection.php(607): CodeIgniter\Database\BaseConnection->simpleQuery('SELECT codigo_produto FROM carrinho WHERE codigo_produto = :codigo')
 4 APPPATH\Controllers\Action.php(22): CodeIgniter\Database\BaseConnection->query('SELECT codigo_produto FROM carrinho WHERE codigo_produto = :codigo', [...])
 5 SYSTEMPATH\CodeIgniter.php(941): App\Controllers\Action->index()
 6 SYSTEMPATH\CodeIgniter.php(502): CodeIgniter\CodeIgniter->runController(Object(App\Controllers\Action))
 7 SYSTEMPATH\CodeIgniter.php(361): CodeIgniter\CodeIgniter->handleRequest(null, Object(Config\Cache), false)
 8 FCPATH\index.php(79): CodeIgniter\CodeIgniter->run()
 9 SYSTEMPATH\Commands\Server\rewrite.php(47): require_once('C:\\projects\\Loja-virtual\\Loja-Virtual\\public\\index.php')
ERROR - 2024-02-14 00:09:24 --> mysqli_sql_exception: You have an error in your SQL syntax; check the manual that corresponds to your MariaDB server version for the right syntax to use near ':codigo' at line 1 in C:\projects\Loja-virtual\Loja-Virtual\system\Database\MySQLi\Connection.php:306
Stack trace:
#0 C:\projects\Loja-virtual\Loja-Virtual\system\Database\MySQLi\Connection.php(306): mysqli->query('SELECT codigo_p...', 0)
#1 C:\projects\Loja-virtual\Loja-Virtual\system\Database\BaseConnection.php(693): CodeIgniter\Database\MySQLi\Connection->execute('SELECT codigo_p...')
#2 C:\projects\Loja-virtual\Loja-Virtual\system\Database\BaseConnection.php(607): CodeIgniter\Database\BaseConnection->simpleQuery('SELECT codigo_p...')
#3 C:\projects\Loja-virtual\Loja-Virtual\app\Controllers\Action.php(22): CodeIgniter\Database\BaseConnection->query('SELECT codigo_p...', Array)
#4 C:\projects\Loja-virtual\Loja-Virtual\system\CodeIgniter.php(941): App\Controllers\Action->index()
#5 C:\projects\Loja-virtual\Loja-Virtual\system\CodeIgniter.php(502): CodeIgniter\CodeIgniter->runController(Object(App\Controllers\Action))
#6 C:\projects\Loja-virtual\Loja-Virtual\system\CodeIgniter.php(361): CodeIgniter\CodeIgniter->handleRequest(NULL, Object(Config\Cache), false)
#7 C:\projects\Loja-virtual\Loja-Virtual\public\index.php(79): CodeIgniter\CodeIgniter->run()
#8 C:\projects\Loja-virtual\Loja-Virtual\system\Commands\Server\rewrite.php(47): require_once('C:\\projects\\Loj...')
#9 {main}
CRITICAL - 2024-02-14 00:09:24 --> CodeIgniter\Database\Exceptions\DatabaseException: You have an error in your SQL syntax; check the manual that corresponds to your MariaDB server version for the right syntax to use near ':codigo' at line 1
in SYSTEMPATH\Database\BaseConnection.php on line 647.
 1 APPPATH\Controllers\Action.php(22): CodeIgniter\Database\BaseConnection->query('SELECT codigo_produto FROM carrinho WHERE codigo_produto = :codigo', [...])
 2 SYSTEMPATH\CodeIgniter.php(941): App\Controllers\Action->index()
 3 SYSTEMPATH\CodeIgniter.php(502): CodeIgniter\CodeIgniter->runController(Object(App\Controllers\Action))
 4 SYSTEMPATH\CodeIgniter.php(361): CodeIgniter\CodeIgniter->handleRequest(null, Object(Config\Cache), false)
 5 FCPATH\index.php(79): CodeIgniter\CodeIgniter->run()
 6 SYSTEMPATH\Commands\Server\rewrite.php(47): require_once('C:\\projects\\Loja-virtual\\Loja-Virtual\\public\\index.php')
CRITICAL - 2024-02-14 00:09:24 --> [Caused by] CodeIgniter\Database\Exceptions\DatabaseException: You have an error in your SQL syntax; check the manual that corresponds to your MariaDB server version for the right syntax to use near ':codigo' at line 1
in SYSTEMPATH\Database\MySQLi\Connection.php on line 311.
 1 SYSTEMPATH\Database\BaseConnection.php(693): CodeIgniter\Database\MySQLi\Connection->execute('SELECT codigo_produto FROM carrinho WHERE codigo_produto = :codigo')
 2 SYSTEMPATH\Database\BaseConnection.php(607): CodeIgniter\Database\BaseConnection->simpleQuery('SELECT codigo_produto FROM carrinho WHERE codigo_produto = :codigo')
 3 APPPATH\Controllers\Action.php(22): CodeIgniter\Database\BaseConnection->query('SELECT codigo_produto FROM carrinho WHERE codigo_produto = :codigo', [...])
 4 SYSTEMPATH\CodeIgniter.php(941): App\Controllers\Action->index()
 5 SYSTEMPATH\CodeIgniter.php(502): CodeIgniter\CodeIgniter->runController(Object(App\Controllers\Action))
 6 SYSTEMPATH\CodeIgniter.php(361): CodeIgniter\CodeIgniter->handleRequest(null, Object(Config\Cache), false)
 7 FCPATH\index.php(79): CodeIgniter\CodeIgniter->run()
 8 SYSTEMPATH\Commands\Server\rewrite.php(47): require_once('C:\\projects\\Loja-virtual\\Loja-Virtual\\public\\index.php')
CRITICAL - 2024-02-14 00:09:24 --> [Caused by] mysqli_sql_exception: You have an error in your SQL syntax; check the manual that corresponds to your MariaDB server version for the right syntax to use near ':codigo' at line 1
in SYSTEMPATH\Database\MySQLi\Connection.php on line 306.
 1 SYSTEMPATH\Database\MySQLi\Connection.php(306): mysqli->query('SELECT codigo_produto FROM carrinho WHERE codigo_produto = :codigo', 0)
 2 SYSTEMPATH\Database\BaseConnection.php(693): CodeIgniter\Database\MySQLi\Connection->execute('SELECT codigo_produto FROM carrinho WHERE codigo_produto = :codigo')
 3 SYSTEMPATH\Database\BaseConnection.php(607): CodeIgniter\Database\BaseConnection->simpleQuery('SELECT codigo_produto FROM carrinho WHERE codigo_produto = :codigo')
 4 APPPATH\Controllers\Action.php(22): CodeIgniter\Database\BaseConnection->query('SELECT codigo_produto FROM carrinho WHERE codigo_produto = :codigo', [...])
 5 SYSTEMPATH\CodeIgniter.php(941): App\Controllers\Action->index()
 6 SYSTEMPATH\CodeIgniter.php(502): CodeIgniter\CodeIgniter->runController(Object(App\Controllers\Action))
 7 SYSTEMPATH\CodeIgniter.php(361): CodeIgniter\CodeIgniter->handleRequest(null, Object(Config\Cache), false)
 8 FCPATH\index.php(79): CodeIgniter\CodeIgniter->run()
 9 SYSTEMPATH\Commands\Server\rewrite.php(47): require_once('C:\\projects\\Loja-virtual\\Loja-Virtual\\public\\index.php')
ERROR - 2024-02-14 00:09:24 --> mysqli_sql_exception: You have an error in your SQL syntax; check the manual that corresponds to your MariaDB server version for the right syntax to use near ':codigo' at line 1 in C:\projects\Loja-virtual\Loja-Virtual\system\Database\MySQLi\Connection.php:306
Stack trace:
#0 C:\projects\Loja-virtual\Loja-Virtual\system\Database\MySQLi\Connection.php(306): mysqli->query('SELECT codigo_p...', 0)
#1 C:\projects\Loja-virtual\Loja-Virtual\system\Database\BaseConnection.php(693): CodeIgniter\Database\MySQLi\Connection->execute('SELECT codigo_p...')
#2 C:\projects\Loja-virtual\Loja-Virtual\system\Database\BaseConnection.php(607): CodeIgniter\Database\BaseConnection->simpleQuery('SELECT codigo_p...')
#3 C:\projects\Loja-virtual\Loja-Virtual\app\Controllers\Action.php(22): CodeIgniter\Database\BaseConnection->query('SELECT codigo_p...', Array)
#4 C:\projects\Loja-virtual\Loja-Virtual\system\CodeIgniter.php(941): App\Controllers\Action->index()
#5 C:\projects\Loja-virtual\Loja-Virtual\system\CodeIgniter.php(502): CodeIgniter\CodeIgniter->runController(Object(App\Controllers\Action))
#6 C:\projects\Loja-virtual\Loja-Virtual\system\CodeIgniter.php(361): CodeIgniter\CodeIgniter->handleRequest(NULL, Object(Config\Cache), false)
#7 C:\projects\Loja-virtual\Loja-Virtual\public\index.php(79): CodeIgniter\CodeIgniter->run()
#8 C:\projects\Loja-virtual\Loja-Virtual\system\Commands\Server\rewrite.php(47): require_once('C:\\projects\\Loj...')
#9 {main}
CRITICAL - 2024-02-14 00:09:24 --> CodeIgniter\Database\Exceptions\DatabaseException: You have an error in your SQL syntax; check the manual that corresponds to your MariaDB server version for the right syntax to use near ':codigo' at line 1
in SYSTEMPATH\Database\BaseConnection.php on line 647.
 1 APPPATH\Controllers\Action.php(22): CodeIgniter\Database\BaseConnection->query('SELECT codigo_produto FROM carrinho WHERE codigo_produto = :codigo', [...])
 2 SYSTEMPATH\CodeIgniter.php(941): App\Controllers\Action->index()
 3 SYSTEMPATH\CodeIgniter.php(502): CodeIgniter\CodeIgniter->runController(Object(App\Controllers\Action))
 4 SYSTEMPATH\CodeIgniter.php(361): CodeIgniter\CodeIgniter->handleRequest(null, Object(Config\Cache), false)
 5 FCPATH\index.php(79): CodeIgniter\CodeIgniter->run()
 6 SYSTEMPATH\Commands\Server\rewrite.php(47): require_once('C:\\projects\\Loja-virtual\\Loja-Virtual\\public\\index.php')
CRITICAL - 2024-02-14 00:09:24 --> [Caused by] CodeIgniter\Database\Exceptions\DatabaseException: You have an error in your SQL syntax; check the manual that corresponds to your MariaDB server version for the right syntax to use near ':codigo' at line 1
in SYSTEMPATH\Database\MySQLi\Connection.php on line 311.
 1 SYSTEMPATH\Database\BaseConnection.php(693): CodeIgniter\Database\MySQLi\Connection->execute('SELECT codigo_produto FROM carrinho WHERE codigo_produto = :codigo')
 2 SYSTEMPATH\Database\BaseConnection.php(607): CodeIgniter\Database\BaseConnection->simpleQuery('SELECT codigo_produto FROM carrinho WHERE codigo_produto = :codigo')
 3 APPPATH\Controllers\Action.php(22): CodeIgniter\Database\BaseConnection->query('SELECT codigo_produto FROM carrinho WHERE codigo_produto = :codigo', [...])
 4 SYSTEMPATH\CodeIgniter.php(941): App\Controllers\Action->index()
 5 SYSTEMPATH\CodeIgniter.php(502): CodeIgniter\CodeIgniter->runController(Object(App\Controllers\Action))
 6 SYSTEMPATH\CodeIgniter.php(361): CodeIgniter\CodeIgniter->handleRequest(null, Object(Config\Cache), false)
 7 FCPATH\index.php(79): CodeIgniter\CodeIgniter->run()
 8 SYSTEMPATH\Commands\Server\rewrite.php(47): require_once('C:\\projects\\Loja-virtual\\Loja-Virtual\\public\\index.php')
CRITICAL - 2024-02-14 00:09:24 --> [Caused by] mysqli_sql_exception: You have an error in your SQL syntax; check the manual that corresponds to your MariaDB server version for the right syntax to use near ':codigo' at line 1
in SYSTEMPATH\Database\MySQLi\Connection.php on line 306.
 1 SYSTEMPATH\Database\MySQLi\Connection.php(306): mysqli->query('SELECT codigo_produto FROM carrinho WHERE codigo_produto = :codigo', 0)
 2 SYSTEMPATH\Database\BaseConnection.php(693): CodeIgniter\Database\MySQLi\Connection->execute('SELECT codigo_produto FROM carrinho WHERE codigo_produto = :codigo')
 3 SYSTEMPATH\Database\BaseConnection.php(607): CodeIgniter\Database\BaseConnection->simpleQuery('SELECT codigo_produto FROM carrinho WHERE codigo_produto = :codigo')
 4 APPPATH\Controllers\Action.php(22): CodeIgniter\Database\BaseConnection->query('SELECT codigo_produto FROM carrinho WHERE codigo_produto = :codigo', [...])
 5 SYSTEMPATH\CodeIgniter.php(941): App\Controllers\Action->index()
 6 SYSTEMPATH\CodeIgniter.php(502): CodeIgniter\CodeIgniter->runController(Object(App\Controllers\Action))
 7 SYSTEMPATH\CodeIgniter.php(361): CodeIgniter\CodeIgniter->handleRequest(null, Object(Config\Cache), false)
 8 FCPATH\index.php(79): CodeIgniter\CodeIgniter->run()
 9 SYSTEMPATH\Commands\Server\rewrite.php(47): require_once('C:\\projects\\Loja-virtual\\Loja-Virtual\\public\\index.php')
ERROR - 2024-02-14 00:09:25 --> mysqli_sql_exception: You have an error in your SQL syntax; check the manual that corresponds to your MariaDB server version for the right syntax to use near ':codigo' at line 1 in C:\projects\Loja-virtual\Loja-Virtual\system\Database\MySQLi\Connection.php:306
Stack trace:
#0 C:\projects\Loja-virtual\Loja-Virtual\system\Database\MySQLi\Connection.php(306): mysqli->query('SELECT codigo_p...', 0)
#1 C:\projects\Loja-virtual\Loja-Virtual\system\Database\BaseConnection.php(693): CodeIgniter\Database\MySQLi\Connection->execute('SELECT codigo_p...')
#2 C:\projects\Loja-virtual\Loja-Virtual\system\Database\BaseConnection.php(607): CodeIgniter\Database\BaseConnection->simpleQuery('SELECT codigo_p...')
#3 C:\projects\Loja-virtual\Loja-Virtual\app\Controllers\Action.php(22): CodeIgniter\Database\BaseConnection->query('SELECT codigo_p...', Array)
#4 C:\projects\Loja-virtual\Loja-Virtual\system\CodeIgniter.php(941): App\Controllers\Action->index()
#5 C:\projects\Loja-virtual\Loja-Virtual\system\CodeIgniter.php(502): CodeIgniter\CodeIgniter->runController(Object(App\Controllers\Action))
#6 C:\projects\Loja-virtual\Loja-Virtual\system\CodeIgniter.php(361): CodeIgniter\CodeIgniter->handleRequest(NULL, Object(Config\Cache), false)
#7 C:\projects\Loja-virtual\Loja-Virtual\public\index.php(79): CodeIgniter\CodeIgniter->run()
#8 C:\projects\Loja-virtual\Loja-Virtual\system\Commands\Server\rewrite.php(47): require_once('C:\\projects\\Loj...')
#9 {main}
CRITICAL - 2024-02-14 00:09:25 --> CodeIgniter\Database\Exceptions\DatabaseException: You have an error in your SQL syntax; check the manual that corresponds to your MariaDB server version for the right syntax to use near ':codigo' at line 1
in SYSTEMPATH\Database\BaseConnection.php on line 647.
 1 APPPATH\Controllers\Action.php(22): CodeIgniter\Database\BaseConnection->query('SELECT codigo_produto FROM carrinho WHERE codigo_produto = :codigo', [...])
 2 SYSTEMPATH\CodeIgniter.php(941): App\Controllers\Action->index()
 3 SYSTEMPATH\CodeIgniter.php(502): CodeIgniter\CodeIgniter->runController(Object(App\Controllers\Action))
 4 SYSTEMPATH\CodeIgniter.php(361): CodeIgniter\CodeIgniter->handleRequest(null, Object(Config\Cache), false)
 5 FCPATH\index.php(79): CodeIgniter\CodeIgniter->run()
 6 SYSTEMPATH\Commands\Server\rewrite.php(47): require_once('C:\\projects\\Loja-virtual\\Loja-Virtual\\public\\index.php')
CRITICAL - 2024-02-14 00:09:25 --> [Caused by] CodeIgniter\Database\Exceptions\DatabaseException: You have an error in your SQL syntax; check the manual that corresponds to your MariaDB server version for the right syntax to use near ':codigo' at line 1
in SYSTEMPATH\Database\MySQLi\Connection.php on line 311.
 1 SYSTEMPATH\Database\BaseConnection.php(693): CodeIgniter\Database\MySQLi\Connection->execute('SELECT codigo_produto FROM carrinho WHERE codigo_produto = :codigo')
 2 SYSTEMPATH\Database\BaseConnection.php(607): CodeIgniter\Database\BaseConnection->simpleQuery('SELECT codigo_produto FROM carrinho WHERE codigo_produto = :codigo')
 3 APPPATH\Controllers\Action.php(22): CodeIgniter\Database\BaseConnection->query('SELECT codigo_produto FROM carrinho WHERE codigo_produto = :codigo', [...])
 4 SYSTEMPATH\CodeIgniter.php(941): App\Controllers\Action->index()
 5 SYSTEMPATH\CodeIgniter.php(502): CodeIgniter\CodeIgniter->runController(Object(App\Controllers\Action))
 6 SYSTEMPATH\CodeIgniter.php(361): CodeIgniter\CodeIgniter->handleRequest(null, Object(Config\Cache), false)
 7 FCPATH\index.php(79): CodeIgniter\CodeIgniter->run()
 8 SYSTEMPATH\Commands\Server\rewrite.php(47): require_once('C:\\projects\\Loja-virtual\\Loja-Virtual\\public\\index.php')
CRITICAL - 2024-02-14 00:09:25 --> [Caused by] mysqli_sql_exception: You have an error in your SQL syntax; check the manual that corresponds to your MariaDB server version for the right syntax to use near ':codigo' at line 1
in SYSTEMPATH\Database\MySQLi\Connection.php on line 306.
 1 SYSTEMPATH\Database\MySQLi\Connection.php(306): mysqli->query('SELECT codigo_produto FROM carrinho WHERE codigo_produto = :codigo', 0)
 2 SYSTEMPATH\Database\BaseConnection.php(693): CodeIgniter\Database\MySQLi\Connection->execute('SELECT codigo_produto FROM carrinho WHERE codigo_produto = :codigo')
 3 SYSTEMPATH\Database\BaseConnection.php(607): CodeIgniter\Database\BaseConnection->simpleQuery('SELECT codigo_produto FROM carrinho WHERE codigo_produto = :codigo')
 4 APPPATH\Controllers\Action.php(22): CodeIgniter\Database\BaseConnection->query('SELECT codigo_produto FROM carrinho WHERE codigo_produto = :codigo', [...])
 5 SYSTEMPATH\CodeIgniter.php(941): App\Controllers\Action->index()
 6 SYSTEMPATH\CodeIgniter.php(502): CodeIgniter\CodeIgniter->runController(Object(App\Controllers\Action))
 7 SYSTEMPATH\CodeIgniter.php(361): CodeIgniter\CodeIgniter->handleRequest(null, Object(Config\Cache), false)
 8 FCPATH\index.php(79): CodeIgniter\CodeIgniter->run()
 9 SYSTEMPATH\Commands\Server\rewrite.php(47): require_once('C:\\projects\\Loja-virtual\\Loja-Virtual\\public\\index.php')
ERROR - 2024-02-14 00:09:25 --> mysqli_sql_exception: You have an error in your SQL syntax; check the manual that corresponds to your MariaDB server version for the right syntax to use near ':codigo' at line 1 in C:\projects\Loja-virtual\Loja-Virtual\system\Database\MySQLi\Connection.php:306
Stack trace:
#0 C:\projects\Loja-virtual\Loja-Virtual\system\Database\MySQLi\Connection.php(306): mysqli->query('SELECT codigo_p...', 0)
#1 C:\projects\Loja-virtual\Loja-Virtual\system\Database\BaseConnection.php(693): CodeIgniter\Database\MySQLi\Connection->execute('SELECT codigo_p...')
#2 C:\projects\Loja-virtual\Loja-Virtual\system\Database\BaseConnection.php(607): CodeIgniter\Database\BaseConnection->simpleQuery('SELECT codigo_p...')
#3 C:\projects\Loja-virtual\Loja-Virtual\app\Controllers\Action.php(22): CodeIgniter\Database\BaseConnection->query('SELECT codigo_p...', Array)
#4 C:\projects\Loja-virtual\Loja-Virtual\system\CodeIgniter.php(941): App\Controllers\Action->index()
#5 C:\projects\Loja-virtual\Loja-Virtual\system\CodeIgniter.php(502): CodeIgniter\CodeIgniter->runController(Object(App\Controllers\Action))
#6 C:\projects\Loja-virtual\Loja-Virtual\system\CodeIgniter.php(361): CodeIgniter\CodeIgniter->handleRequest(NULL, Object(Config\Cache), false)
#7 C:\projects\Loja-virtual\Loja-Virtual\public\index.php(79): CodeIgniter\CodeIgniter->run()
#8 C:\projects\Loja-virtual\Loja-Virtual\system\Commands\Server\rewrite.php(47): require_once('C:\\projects\\Loj...')
#9 {main}
CRITICAL - 2024-02-14 00:09:25 --> CodeIgniter\Database\Exceptions\DatabaseException: You have an error in your SQL syntax; check the manual that corresponds to your MariaDB server version for the right syntax to use near ':codigo' at line 1
in SYSTEMPATH\Database\BaseConnection.php on line 647.
 1 APPPATH\Controllers\Action.php(22): CodeIgniter\Database\BaseConnection->query('SELECT codigo_produto FROM carrinho WHERE codigo_produto = :codigo', [...])
 2 SYSTEMPATH\CodeIgniter.php(941): App\Controllers\Action->index()
 3 SYSTEMPATH\CodeIgniter.php(502): CodeIgniter\CodeIgniter->runController(Object(App\Controllers\Action))
 4 SYSTEMPATH\CodeIgniter.php(361): CodeIgniter\CodeIgniter->handleRequest(null, Object(Config\Cache), false)
 5 FCPATH\index.php(79): CodeIgniter\CodeIgniter->run()
 6 SYSTEMPATH\Commands\Server\rewrite.php(47): require_once('C:\\projects\\Loja-virtual\\Loja-Virtual\\public\\index.php')
CRITICAL - 2024-02-14 00:09:25 --> [Caused by] CodeIgniter\Database\Exceptions\DatabaseException: You have an error in your SQL syntax; check the manual that corresponds to your MariaDB server version for the right syntax to use near ':codigo' at line 1
in SYSTEMPATH\Database\MySQLi\Connection.php on line 311.
 1 SYSTEMPATH\Database\BaseConnection.php(693): CodeIgniter\Database\MySQLi\Connection->execute('SELECT codigo_produto FROM carrinho WHERE codigo_produto = :codigo')
 2 SYSTEMPATH\Database\BaseConnection.php(607): CodeIgniter\Database\BaseConnection->simpleQuery('SELECT codigo_produto FROM carrinho WHERE codigo_produto = :codigo')
 3 APPPATH\Controllers\Action.php(22): CodeIgniter\Database\BaseConnection->query('SELECT codigo_produto FROM carrinho WHERE codigo_produto = :codigo', [...])
 4 SYSTEMPATH\CodeIgniter.php(941): App\Controllers\Action->index()
 5 SYSTEMPATH\CodeIgniter.php(502): CodeIgniter\CodeIgniter->runController(Object(App\Controllers\Action))
 6 SYSTEMPATH\CodeIgniter.php(361): CodeIgniter\CodeIgniter->handleRequest(null, Object(Config\Cache), false)
 7 FCPATH\index.php(79): CodeIgniter\CodeIgniter->run()
 8 SYSTEMPATH\Commands\Server\rewrite.php(47): require_once('C:\\projects\\Loja-virtual\\Loja-Virtual\\public\\index.php')
CRITICAL - 2024-02-14 00:09:25 --> [Caused by] mysqli_sql_exception: You have an error in your SQL syntax; check the manual that corresponds to your MariaDB server version for the right syntax to use near ':codigo' at line 1
in SYSTEMPATH\Database\MySQLi\Connection.php on line 306.
 1 SYSTEMPATH\Database\MySQLi\Connection.php(306): mysqli->query('SELECT codigo_produto FROM carrinho WHERE codigo_produto = :codigo', 0)
 2 SYSTEMPATH\Database\BaseConnection.php(693): CodeIgniter\Database\MySQLi\Connection->execute('SELECT codigo_produto FROM carrinho WHERE codigo_produto = :codigo')
 3 SYSTEMPATH\Database\BaseConnection.php(607): CodeIgniter\Database\BaseConnection->simpleQuery('SELECT codigo_produto FROM carrinho WHERE codigo_produto = :codigo')
 4 APPPATH\Controllers\Action.php(22): CodeIgniter\Database\BaseConnection->query('SELECT codigo_produto FROM carrinho WHERE codigo_produto = :codigo', [...])
 5 SYSTEMPATH\CodeIgniter.php(941): App\Controllers\Action->index()
 6 SYSTEMPATH\CodeIgniter.php(502): CodeIgniter\CodeIgniter->runController(Object(App\Controllers\Action))
 7 SYSTEMPATH\CodeIgniter.php(361): CodeIgniter\CodeIgniter->handleRequest(null, Object(Config\Cache), false)
 8 FCPATH\index.php(79): CodeIgniter\CodeIgniter->run()
 9 SYSTEMPATH\Commands\Server\rewrite.php(47): require_once('C:\\projects\\Loja-virtual\\Loja-Virtual\\public\\index.php')
ERROR - 2024-02-14 00:09:26 --> mysqli_sql_exception: You have an error in your SQL syntax; check the manual that corresponds to your MariaDB server version for the right syntax to use near ':codigo' at line 1 in C:\projects\Loja-virtual\Loja-Virtual\system\Database\MySQLi\Connection.php:306
Stack trace:
#0 C:\projects\Loja-virtual\Loja-Virtual\system\Database\MySQLi\Connection.php(306): mysqli->query('SELECT codigo_p...', 0)
#1 C:\projects\Loja-virtual\Loja-Virtual\system\Database\BaseConnection.php(693): CodeIgniter\Database\MySQLi\Connection->execute('SELECT codigo_p...')
#2 C:\projects\Loja-virtual\Loja-Virtual\system\Database\BaseConnection.php(607): CodeIgniter\Database\BaseConnection->simpleQuery('SELECT codigo_p...')
#3 C:\projects\Loja-virtual\Loja-Virtual\app\Controllers\Action.php(22): CodeIgniter\Database\BaseConnection->query('SELECT codigo_p...', Array)
#4 C:\projects\Loja-virtual\Loja-Virtual\system\CodeIgniter.php(941): App\Controllers\Action->index()
#5 C:\projects\Loja-virtual\Loja-Virtual\system\CodeIgniter.php(502): CodeIgniter\CodeIgniter->runController(Object(App\Controllers\Action))
#6 C:\projects\Loja-virtual\Loja-Virtual\system\CodeIgniter.php(361): CodeIgniter\CodeIgniter->handleRequest(NULL, Object(Config\Cache), false)
#7 C:\projects\Loja-virtual\Loja-Virtual\public\index.php(79): CodeIgniter\CodeIgniter->run()
#8 C:\projects\Loja-virtual\Loja-Virtual\system\Commands\Server\rewrite.php(47): require_once('C:\\projects\\Loj...')
#9 {main}
CRITICAL - 2024-02-14 00:09:26 --> CodeIgniter\Database\Exceptions\DatabaseException: You have an error in your SQL syntax; check the manual that corresponds to your MariaDB server version for the right syntax to use near ':codigo' at line 1
in SYSTEMPATH\Database\BaseConnection.php on line 647.
 1 APPPATH\Controllers\Action.php(22): CodeIgniter\Database\BaseConnection->query('SELECT codigo_produto FROM carrinho WHERE codigo_produto = :codigo', [...])
 2 SYSTEMPATH\CodeIgniter.php(941): App\Controllers\Action->index()
 3 SYSTEMPATH\CodeIgniter.php(502): CodeIgniter\CodeIgniter->runController(Object(App\Controllers\Action))
 4 SYSTEMPATH\CodeIgniter.php(361): CodeIgniter\CodeIgniter->handleRequest(null, Object(Config\Cache), false)
 5 FCPATH\index.php(79): CodeIgniter\CodeIgniter->run()
 6 SYSTEMPATH\Commands\Server\rewrite.php(47): require_once('C:\\projects\\Loja-virtual\\Loja-Virtual\\public\\index.php')
CRITICAL - 2024-02-14 00:09:26 --> [Caused by] CodeIgniter\Database\Exceptions\DatabaseException: You have an error in your SQL syntax; check the manual that corresponds to your MariaDB server version for the right syntax to use near ':codigo' at line 1
in SYSTEMPATH\Database\MySQLi\Connection.php on line 311.
 1 SYSTEMPATH\Database\BaseConnection.php(693): CodeIgniter\Database\MySQLi\Connection->execute('SELECT codigo_produto FROM carrinho WHERE codigo_produto = :codigo')
 2 SYSTEMPATH\Database\BaseConnection.php(607): CodeIgniter\Database\BaseConnection->simpleQuery('SELECT codigo_produto FROM carrinho WHERE codigo_produto = :codigo')
 3 APPPATH\Controllers\Action.php(22): CodeIgniter\Database\BaseConnection->query('SELECT codigo_produto FROM carrinho WHERE codigo_produto = :codigo', [...])
 4 SYSTEMPATH\CodeIgniter.php(941): App\Controllers\Action->index()
 5 SYSTEMPATH\CodeIgniter.php(502): CodeIgniter\CodeIgniter->runController(Object(App\Controllers\Action))
 6 SYSTEMPATH\CodeIgniter.php(361): CodeIgniter\CodeIgniter->handleRequest(null, Object(Config\Cache), false)
 7 FCPATH\index.php(79): CodeIgniter\CodeIgniter->run()
 8 SYSTEMPATH\Commands\Server\rewrite.php(47): require_once('C:\\projects\\Loja-virtual\\Loja-Virtual\\public\\index.php')
CRITICAL - 2024-02-14 00:09:26 --> [Caused by] mysqli_sql_exception: You have an error in your SQL syntax; check the manual that corresponds to your MariaDB server version for the right syntax to use near ':codigo' at line 1
in SYSTEMPATH\Database\MySQLi\Connection.php on line 306.
 1 SYSTEMPATH\Database\MySQLi\Connection.php(306): mysqli->query('SELECT codigo_produto FROM carrinho WHERE codigo_produto = :codigo', 0)
 2 SYSTEMPATH\Database\BaseConnection.php(693): CodeIgniter\Database\MySQLi\Connection->execute('SELECT codigo_produto FROM carrinho WHERE codigo_produto = :codigo')
 3 SYSTEMPATH\Database\BaseConnection.php(607): CodeIgniter\Database\BaseConnection->simpleQuery('SELECT codigo_produto FROM carrinho WHERE codigo_produto = :codigo')
 4 APPPATH\Controllers\Action.php(22): CodeIgniter\Database\BaseConnection->query('SELECT codigo_produto FROM carrinho WHERE codigo_produto = :codigo', [...])
 5 SYSTEMPATH\CodeIgniter.php(941): App\Controllers\Action->index()
 6 SYSTEMPATH\CodeIgniter.php(502): CodeIgniter\CodeIgniter->runController(Object(App\Controllers\Action))
 7 SYSTEMPATH\CodeIgniter.php(361): CodeIgniter\CodeIgniter->handleRequest(null, Object(Config\Cache), false)
 8 FCPATH\index.php(79): CodeIgniter\CodeIgniter->run()
 9 SYSTEMPATH\Commands\Server\rewrite.php(47): require_once('C:\\projects\\Loja-virtual\\Loja-Virtual\\public\\index.php')
ERROR - 2024-02-14 00:09:26 --> mysqli_sql_exception: You have an error in your SQL syntax; check the manual that corresponds to your MariaDB server version for the right syntax to use near ':codigo' at line 1 in C:\projects\Loja-virtual\Loja-Virtual\system\Database\MySQLi\Connection.php:306
Stack trace:
#0 C:\projects\Loja-virtual\Loja-Virtual\system\Database\MySQLi\Connection.php(306): mysqli->query('SELECT codigo_p...', 0)
#1 C:\projects\Loja-virtual\Loja-Virtual\system\Database\BaseConnection.php(693): CodeIgniter\Database\MySQLi\Connection->execute('SELECT codigo_p...')
#2 C:\projects\Loja-virtual\Loja-Virtual\system\Database\BaseConnection.php(607): CodeIgniter\Database\BaseConnection->simpleQuery('SELECT codigo_p...')
#3 C:\projects\Loja-virtual\Loja-Virtual\app\Controllers\Action.php(22): CodeIgniter\Database\BaseConnection->query('SELECT codigo_p...', Array)
#4 C:\projects\Loja-virtual\Loja-Virtual\system\CodeIgniter.php(941): App\Controllers\Action->index()
#5 C:\projects\Loja-virtual\Loja-Virtual\system\CodeIgniter.php(502): CodeIgniter\CodeIgniter->runController(Object(App\Controllers\Action))
#6 C:\projects\Loja-virtual\Loja-Virtual\system\CodeIgniter.php(361): CodeIgniter\CodeIgniter->handleRequest(NULL, Object(Config\Cache), false)
#7 C:\projects\Loja-virtual\Loja-Virtual\public\index.php(79): CodeIgniter\CodeIgniter->run()
#8 C:\projects\Loja-virtual\Loja-Virtual\system\Commands\Server\rewrite.php(47): require_once('C:\\projects\\Loj...')
#9 {main}
CRITICAL - 2024-02-14 00:09:26 --> CodeIgniter\Database\Exceptions\DatabaseException: You have an error in your SQL syntax; check the manual that corresponds to your MariaDB server version for the right syntax to use near ':codigo' at line 1
in SYSTEMPATH\Database\BaseConnection.php on line 647.
 1 APPPATH\Controllers\Action.php(22): CodeIgniter\Database\BaseConnection->query('SELECT codigo_produto FROM carrinho WHERE codigo_produto = :codigo', [...])
 2 SYSTEMPATH\CodeIgniter.php(941): App\Controllers\Action->index()
 3 SYSTEMPATH\CodeIgniter.php(502): CodeIgniter\CodeIgniter->runController(Object(App\Controllers\Action))
 4 SYSTEMPATH\CodeIgniter.php(361): CodeIgniter\CodeIgniter->handleRequest(null, Object(Config\Cache), false)
 5 FCPATH\index.php(79): CodeIgniter\CodeIgniter->run()
 6 SYSTEMPATH\Commands\Server\rewrite.php(47): require_once('C:\\projects\\Loja-virtual\\Loja-Virtual\\public\\index.php')
CRITICAL - 2024-02-14 00:09:26 --> [Caused by] CodeIgniter\Database\Exceptions\DatabaseException: You have an error in your SQL syntax; check the manual that corresponds to your MariaDB server version for the right syntax to use near ':codigo' at line 1
in SYSTEMPATH\Database\MySQLi\Connection.php on line 311.
 1 SYSTEMPATH\Database\BaseConnection.php(693): CodeIgniter\Database\MySQLi\Connection->execute('SELECT codigo_produto FROM carrinho WHERE codigo_produto = :codigo')
 2 SYSTEMPATH\Database\BaseConnection.php(607): CodeIgniter\Database\BaseConnection->simpleQuery('SELECT codigo_produto FROM carrinho WHERE codigo_produto = :codigo')
 3 APPPATH\Controllers\Action.php(22): CodeIgniter\Database\BaseConnection->query('SELECT codigo_produto FROM carrinho WHERE codigo_produto = :codigo', [...])
 4 SYSTEMPATH\CodeIgniter.php(941): App\Controllers\Action->index()
 5 SYSTEMPATH\CodeIgniter.php(502): CodeIgniter\CodeIgniter->runController(Object(App\Controllers\Action))
 6 SYSTEMPATH\CodeIgniter.php(361): CodeIgniter\CodeIgniter->handleRequest(null, Object(Config\Cache), false)
 7 FCPATH\index.php(79): CodeIgniter\CodeIgniter->run()
 8 SYSTEMPATH\Commands\Server\rewrite.php(47): require_once('C:\\projects\\Loja-virtual\\Loja-Virtual\\public\\index.php')
CRITICAL - 2024-02-14 00:09:26 --> [Caused by] mysqli_sql_exception: You have an error in your SQL syntax; check the manual that corresponds to your MariaDB server version for the right syntax to use near ':codigo' at line 1
in SYSTEMPATH\Database\MySQLi\Connection.php on line 306.
 1 SYSTEMPATH\Database\MySQLi\Connection.php(306): mysqli->query('SELECT codigo_produto FROM carrinho WHERE codigo_produto = :codigo', 0)
 2 SYSTEMPATH\Database\BaseConnection.php(693): CodeIgniter\Database\MySQLi\Connection->execute('SELECT codigo_produto FROM carrinho WHERE codigo_produto = :codigo')
 3 SYSTEMPATH\Database\BaseConnection.php(607): CodeIgniter\Database\BaseConnection->simpleQuery('SELECT codigo_produto FROM carrinho WHERE codigo_produto = :codigo')
 4 APPPATH\Controllers\Action.php(22): CodeIgniter\Database\BaseConnection->query('SELECT codigo_produto FROM carrinho WHERE codigo_produto = :codigo', [...])
 5 SYSTEMPATH\CodeIgniter.php(941): App\Controllers\Action->index()
 6 SYSTEMPATH\CodeIgniter.php(502): CodeIgniter\CodeIgniter->runController(Object(App\Controllers\Action))
 7 SYSTEMPATH\CodeIgniter.php(361): CodeIgniter\CodeIgniter->handleRequest(null, Object(Config\Cache), false)
 8 FCPATH\index.php(79): CodeIgniter\CodeIgniter->run()
 9 SYSTEMPATH\Commands\Server\rewrite.php(47): require_once('C:\\projects\\Loja-virtual\\Loja-Virtual\\public\\index.php')
ERROR - 2024-02-14 00:09:26 --> mysqli_sql_exception: You have an error in your SQL syntax; check the manual that corresponds to your MariaDB server version for the right syntax to use near ':codigo' at line 1 in C:\projects\Loja-virtual\Loja-Virtual\system\Database\MySQLi\Connection.php:306
Stack trace:
#0 C:\projects\Loja-virtual\Loja-Virtual\system\Database\MySQLi\Connection.php(306): mysqli->query('SELECT codigo_p...', 0)
#1 C:\projects\Loja-virtual\Loja-Virtual\system\Database\BaseConnection.php(693): CodeIgniter\Database\MySQLi\Connection->execute('SELECT codigo_p...')
#2 C:\projects\Loja-virtual\Loja-Virtual\system\Database\BaseConnection.php(607): CodeIgniter\Database\BaseConnection->simpleQuery('SELECT codigo_p...')
#3 C:\projects\Loja-virtual\Loja-Virtual\app\Controllers\Action.php(22): CodeIgniter\Database\BaseConnection->query('SELECT codigo_p...', Array)
#4 C:\projects\Loja-virtual\Loja-Virtual\system\CodeIgniter.php(941): App\Controllers\Action->index()
#5 C:\projects\Loja-virtual\Loja-Virtual\system\CodeIgniter.php(502): CodeIgniter\CodeIgniter->runController(Object(App\Controllers\Action))
#6 C:\projects\Loja-virtual\Loja-Virtual\system\CodeIgniter.php(361): CodeIgniter\CodeIgniter->handleRequest(NULL, Object(Config\Cache), false)
#7 C:\projects\Loja-virtual\Loja-Virtual\public\index.php(79): CodeIgniter\CodeIgniter->run()
#8 C:\projects\Loja-virtual\Loja-Virtual\system\Commands\Server\rewrite.php(47): require_once('C:\\projects\\Loj...')
#9 {main}
CRITICAL - 2024-02-14 00:09:26 --> CodeIgniter\Database\Exceptions\DatabaseException: You have an error in your SQL syntax; check the manual that corresponds to your MariaDB server version for the right syntax to use near ':codigo' at line 1
in SYSTEMPATH\Database\BaseConnection.php on line 647.
 1 APPPATH\Controllers\Action.php(22): CodeIgniter\Database\BaseConnection->query('SELECT codigo_produto FROM carrinho WHERE codigo_produto = :codigo', [...])
 2 SYSTEMPATH\CodeIgniter.php(941): App\Controllers\Action->index()
 3 SYSTEMPATH\CodeIgniter.php(502): CodeIgniter\CodeIgniter->runController(Object(App\Controllers\Action))
 4 SYSTEMPATH\CodeIgniter.php(361): CodeIgniter\CodeIgniter->handleRequest(null, Object(Config\Cache), false)
 5 FCPATH\index.php(79): CodeIgniter\CodeIgniter->run()
 6 SYSTEMPATH\Commands\Server\rewrite.php(47): require_once('C:\\projects\\Loja-virtual\\Loja-Virtual\\public\\index.php')
CRITICAL - 2024-02-14 00:09:26 --> [Caused by] CodeIgniter\Database\Exceptions\DatabaseException: You have an error in your SQL syntax; check the manual that corresponds to your MariaDB server version for the right syntax to use near ':codigo' at line 1
in SYSTEMPATH\Database\MySQLi\Connection.php on line 311.
 1 SYSTEMPATH\Database\BaseConnection.php(693): CodeIgniter\Database\MySQLi\Connection->execute('SELECT codigo_produto FROM carrinho WHERE codigo_produto = :codigo')
 2 SYSTEMPATH\Database\BaseConnection.php(607): CodeIgniter\Database\BaseConnection->simpleQuery('SELECT codigo_produto FROM carrinho WHERE codigo_produto = :codigo')
 3 APPPATH\Controllers\Action.php(22): CodeIgniter\Database\BaseConnection->query('SELECT codigo_produto FROM carrinho WHERE codigo_produto = :codigo', [...])
 4 SYSTEMPATH\CodeIgniter.php(941): App\Controllers\Action->index()
 5 SYSTEMPATH\CodeIgniter.php(502): CodeIgniter\CodeIgniter->runController(Object(App\Controllers\Action))
 6 SYSTEMPATH\CodeIgniter.php(361): CodeIgniter\CodeIgniter->handleRequest(null, Object(Config\Cache), false)
 7 FCPATH\index.php(79): CodeIgniter\CodeIgniter->run()
 8 SYSTEMPATH\Commands\Server\rewrite.php(47): require_once('C:\\projects\\Loja-virtual\\Loja-Virtual\\public\\index.php')
CRITICAL - 2024-02-14 00:09:26 --> [Caused by] mysqli_sql_exception: You have an error in your SQL syntax; check the manual that corresponds to your MariaDB server version for the right syntax to use near ':codigo' at line 1
in SYSTEMPATH\Database\MySQLi\Connection.php on line 306.
 1 SYSTEMPATH\Database\MySQLi\Connection.php(306): mysqli->query('SELECT codigo_produto FROM carrinho WHERE codigo_produto = :codigo', 0)
 2 SYSTEMPATH\Database\BaseConnection.php(693): CodeIgniter\Database\MySQLi\Connection->execute('SELECT codigo_produto FROM carrinho WHERE codigo_produto = :codigo')
 3 SYSTEMPATH\Database\BaseConnection.php(607): CodeIgniter\Database\BaseConnection->simpleQuery('SELECT codigo_produto FROM carrinho WHERE codigo_produto = :codigo')
 4 APPPATH\Controllers\Action.php(22): CodeIgniter\Database\BaseConnection->query('SELECT codigo_produto FROM carrinho WHERE codigo_produto = :codigo', [...])
 5 SYSTEMPATH\CodeIgniter.php(941): App\Controllers\Action->index()
 6 SYSTEMPATH\CodeIgniter.php(502): CodeIgniter\CodeIgniter->runController(Object(App\Controllers\Action))
 7 SYSTEMPATH\CodeIgniter.php(361): CodeIgniter\CodeIgniter->handleRequest(null, Object(Config\Cache), false)
 8 FCPATH\index.php(79): CodeIgniter\CodeIgniter->run()
 9 SYSTEMPATH\Commands\Server\rewrite.php(47): require_once('C:\\projects\\Loja-virtual\\Loja-Virtual\\public\\index.php')
ERROR - 2024-02-14 00:09:27 --> mysqli_sql_exception: You have an error in your SQL syntax; check the manual that corresponds to your MariaDB server version for the right syntax to use near ':codigo' at line 1 in C:\projects\Loja-virtual\Loja-Virtual\system\Database\MySQLi\Connection.php:306
Stack trace:
#0 C:\projects\Loja-virtual\Loja-Virtual\system\Database\MySQLi\Connection.php(306): mysqli->query('SELECT codigo_p...', 0)
#1 C:\projects\Loja-virtual\Loja-Virtual\system\Database\BaseConnection.php(693): CodeIgniter\Database\MySQLi\Connection->execute('SELECT codigo_p...')
#2 C:\projects\Loja-virtual\Loja-Virtual\system\Database\BaseConnection.php(607): CodeIgniter\Database\BaseConnection->simpleQuery('SELECT codigo_p...')
#3 C:\projects\Loja-virtual\Loja-Virtual\app\Controllers\Action.php(22): CodeIgniter\Database\BaseConnection->query('SELECT codigo_p...', Array)
#4 C:\projects\Loja-virtual\Loja-Virtual\system\CodeIgniter.php(941): App\Controllers\Action->index()
#5 C:\projects\Loja-virtual\Loja-Virtual\system\CodeIgniter.php(502): CodeIgniter\CodeIgniter->runController(Object(App\Controllers\Action))
#6 C:\projects\Loja-virtual\Loja-Virtual\system\CodeIgniter.php(361): CodeIgniter\CodeIgniter->handleRequest(NULL, Object(Config\Cache), false)
#7 C:\projects\Loja-virtual\Loja-Virtual\public\index.php(79): CodeIgniter\CodeIgniter->run()
#8 C:\projects\Loja-virtual\Loja-Virtual\system\Commands\Server\rewrite.php(47): require_once('C:\\projects\\Loj...')
#9 {main}
CRITICAL - 2024-02-14 00:09:27 --> CodeIgniter\Database\Exceptions\DatabaseException: You have an error in your SQL syntax; check the manual that corresponds to your MariaDB server version for the right syntax to use near ':codigo' at line 1
in SYSTEMPATH\Database\BaseConnection.php on line 647.
 1 APPPATH\Controllers\Action.php(22): CodeIgniter\Database\BaseConnection->query('SELECT codigo_produto FROM carrinho WHERE codigo_produto = :codigo', [...])
 2 SYSTEMPATH\CodeIgniter.php(941): App\Controllers\Action->index()
 3 SYSTEMPATH\CodeIgniter.php(502): CodeIgniter\CodeIgniter->runController(Object(App\Controllers\Action))
 4 SYSTEMPATH\CodeIgniter.php(361): CodeIgniter\CodeIgniter->handleRequest(null, Object(Config\Cache), false)
 5 FCPATH\index.php(79): CodeIgniter\CodeIgniter->run()
 6 SYSTEMPATH\Commands\Server\rewrite.php(47): require_once('C:\\projects\\Loja-virtual\\Loja-Virtual\\public\\index.php')
CRITICAL - 2024-02-14 00:09:27 --> [Caused by] CodeIgniter\Database\Exceptions\DatabaseException: You have an error in your SQL syntax; check the manual that corresponds to your MariaDB server version for the right syntax to use near ':codigo' at line 1
in SYSTEMPATH\Database\MySQLi\Connection.php on line 311.
 1 SYSTEMPATH\Database\BaseConnection.php(693): CodeIgniter\Database\MySQLi\Connection->execute('SELECT codigo_produto FROM carrinho WHERE codigo_produto = :codigo')
 2 SYSTEMPATH\Database\BaseConnection.php(607): CodeIgniter\Database\BaseConnection->simpleQuery('SELECT codigo_produto FROM carrinho WHERE codigo_produto = :codigo')
 3 APPPATH\Controllers\Action.php(22): CodeIgniter\Database\BaseConnection->query('SELECT codigo_produto FROM carrinho WHERE codigo_produto = :codigo', [...])
 4 SYSTEMPATH\CodeIgniter.php(941): App\Controllers\Action->index()
 5 SYSTEMPATH\CodeIgniter.php(502): CodeIgniter\CodeIgniter->runController(Object(App\Controllers\Action))
 6 SYSTEMPATH\CodeIgniter.php(361): CodeIgniter\CodeIgniter->handleRequest(null, Object(Config\Cache), false)
 7 FCPATH\index.php(79): CodeIgniter\CodeIgniter->run()
 8 SYSTEMPATH\Commands\Server\rewrite.php(47): require_once('C:\\projects\\Loja-virtual\\Loja-Virtual\\public\\index.php')
CRITICAL - 2024-02-14 00:09:27 --> [Caused by] mysqli_sql_exception: You have an error in your SQL syntax; check the manual that corresponds to your MariaDB server version for the right syntax to use near ':codigo' at line 1
in SYSTEMPATH\Database\MySQLi\Connection.php on line 306.
 1 SYSTEMPATH\Database\MySQLi\Connection.php(306): mysqli->query('SELECT codigo_produto FROM carrinho WHERE codigo_produto = :codigo', 0)
 2 SYSTEMPATH\Database\BaseConnection.php(693): CodeIgniter\Database\MySQLi\Connection->execute('SELECT codigo_produto FROM carrinho WHERE codigo_produto = :codigo')
 3 SYSTEMPATH\Database\BaseConnection.php(607): CodeIgniter\Database\BaseConnection->simpleQuery('SELECT codigo_produto FROM carrinho WHERE codigo_produto = :codigo')
 4 APPPATH\Controllers\Action.php(22): CodeIgniter\Database\BaseConnection->query('SELECT codigo_produto FROM carrinho WHERE codigo_produto = :codigo', [...])
 5 SYSTEMPATH\CodeIgniter.php(941): App\Controllers\Action->index()
 6 SYSTEMPATH\CodeIgniter.php(502): CodeIgniter\CodeIgniter->runController(Object(App\Controllers\Action))
 7 SYSTEMPATH\CodeIgniter.php(361): CodeIgniter\CodeIgniter->handleRequest(null, Object(Config\Cache), false)
 8 FCPATH\index.php(79): CodeIgniter\CodeIgniter->run()
 9 SYSTEMPATH\Commands\Server\rewrite.php(47): require_once('C:\\projects\\Loja-virtual\\Loja-Virtual\\public\\index.php')
ERROR - 2024-02-14 00:09:44 --> mysqli_sql_exception: You have an error in your SQL syntax; check the manual that corresponds to your MariaDB server version for the right syntax to use near ':codigo' at line 1 in C:\projects\Loja-virtual\Loja-Virtual\system\Database\MySQLi\Connection.php:306
Stack trace:
#0 C:\projects\Loja-virtual\Loja-Virtual\system\Database\MySQLi\Connection.php(306): mysqli->query('SELECT codigo_p...', 0)
#1 C:\projects\Loja-virtual\Loja-Virtual\system\Database\BaseConnection.php(693): CodeIgniter\Database\MySQLi\Connection->execute('SELECT codigo_p...')
#2 C:\projects\Loja-virtual\Loja-Virtual\system\Database\BaseConnection.php(607): CodeIgniter\Database\BaseConnection->simpleQuery('SELECT codigo_p...')
#3 C:\projects\Loja-virtual\Loja-Virtual\app\Controllers\Action.php(22): CodeIgniter\Database\BaseConnection->query('SELECT codigo_p...', Array)
#4 C:\projects\Loja-virtual\Loja-Virtual\system\CodeIgniter.php(941): App\Controllers\Action->index()
#5 C:\projects\Loja-virtual\Loja-Virtual\system\CodeIgniter.php(502): CodeIgniter\CodeIgniter->runController(Object(App\Controllers\Action))
#6 C:\projects\Loja-virtual\Loja-Virtual\system\CodeIgniter.php(361): CodeIgniter\CodeIgniter->handleRequest(NULL, Object(Config\Cache), false)
#7 C:\projects\Loja-virtual\Loja-Virtual\public\index.php(79): CodeIgniter\CodeIgniter->run()
#8 C:\projects\Loja-virtual\Loja-Virtual\system\Commands\Server\rewrite.php(47): require_once('C:\\projects\\Loj...')
#9 {main}
CRITICAL - 2024-02-14 00:09:44 --> CodeIgniter\Database\Exceptions\DatabaseException: You have an error in your SQL syntax; check the manual that corresponds to your MariaDB server version for the right syntax to use near ':codigo' at line 1
in SYSTEMPATH\Database\BaseConnection.php on line 647.
 1 APPPATH\Controllers\Action.php(22): CodeIgniter\Database\BaseConnection->query('SELECT codigo_produto FROM carrinho WHERE codigo_produto = :codigo', [...])
 2 SYSTEMPATH\CodeIgniter.php(941): App\Controllers\Action->index()
 3 SYSTEMPATH\CodeIgniter.php(502): CodeIgniter\CodeIgniter->runController(Object(App\Controllers\Action))
 4 SYSTEMPATH\CodeIgniter.php(361): CodeIgniter\CodeIgniter->handleRequest(null, Object(Config\Cache), false)
 5 FCPATH\index.php(79): CodeIgniter\CodeIgniter->run()
 6 SYSTEMPATH\Commands\Server\rewrite.php(47): require_once('C:\\projects\\Loja-virtual\\Loja-Virtual\\public\\index.php')
CRITICAL - 2024-02-14 00:09:44 --> [Caused by] CodeIgniter\Database\Exceptions\DatabaseException: You have an error in your SQL syntax; check the manual that corresponds to your MariaDB server version for the right syntax to use near ':codigo' at line 1
in SYSTEMPATH\Database\MySQLi\Connection.php on line 311.
 1 SYSTEMPATH\Database\BaseConnection.php(693): CodeIgniter\Database\MySQLi\Connection->execute('SELECT codigo_produto FROM carrinho WHERE codigo_produto = :codigo')
 2 SYSTEMPATH\Database\BaseConnection.php(607): CodeIgniter\Database\BaseConnection->simpleQuery('SELECT codigo_produto FROM carrinho WHERE codigo_produto = :codigo')
 3 APPPATH\Controllers\Action.php(22): CodeIgniter\Database\BaseConnection->query('SELECT codigo_produto FROM carrinho WHERE codigo_produto = :codigo', [...])
 4 SYSTEMPATH\CodeIgniter.php(941): App\Controllers\Action->index()
 5 SYSTEMPATH\CodeIgniter.php(502): CodeIgniter\CodeIgniter->runController(Object(App\Controllers\Action))
 6 SYSTEMPATH\CodeIgniter.php(361): CodeIgniter\CodeIgniter->handleRequest(null, Object(Config\Cache), false)
 7 FCPATH\index.php(79): CodeIgniter\CodeIgniter->run()
 8 SYSTEMPATH\Commands\Server\rewrite.php(47): require_once('C:\\projects\\Loja-virtual\\Loja-Virtual\\public\\index.php')
CRITICAL - 2024-02-14 00:09:44 --> [Caused by] mysqli_sql_exception: You have an error in your SQL syntax; check the manual that corresponds to your MariaDB server version for the right syntax to use near ':codigo' at line 1
in SYSTEMPATH\Database\MySQLi\Connection.php on line 306.
 1 SYSTEMPATH\Database\MySQLi\Connection.php(306): mysqli->query('SELECT codigo_produto FROM carrinho WHERE codigo_produto = :codigo', 0)
 2 SYSTEMPATH\Database\BaseConnection.php(693): CodeIgniter\Database\MySQLi\Connection->execute('SELECT codigo_produto FROM carrinho WHERE codigo_produto = :codigo')
 3 SYSTEMPATH\Database\BaseConnection.php(607): CodeIgniter\Database\BaseConnection->simpleQuery('SELECT codigo_produto FROM carrinho WHERE codigo_produto = :codigo')
 4 APPPATH\Controllers\Action.php(22): CodeIgniter\Database\BaseConnection->query('SELECT codigo_produto FROM carrinho WHERE codigo_produto = :codigo', [...])
 5 SYSTEMPATH\CodeIgniter.php(941): App\Controllers\Action->index()
 6 SYSTEMPATH\CodeIgniter.php(502): CodeIgniter\CodeIgniter->runController(Object(App\Controllers\Action))
 7 SYSTEMPATH\CodeIgniter.php(361): CodeIgniter\CodeIgniter->handleRequest(null, Object(Config\Cache), false)
 8 FCPATH\index.php(79): CodeIgniter\CodeIgniter->run()
 9 SYSTEMPATH\Commands\Server\rewrite.php(47): require_once('C:\\projects\\Loja-virtual\\Loja-Virtual\\public\\index.php')
