CRITICAL - 2024-02-06 00:19:15 --> CodeIgniter\View\Exceptions\ViewException: Invalid file: "master.php"
in SYSTEMPATH\Exceptions\FrameworkException.php on line 39.
 1 SYSTEMPATH\View\View.php(216): CodeIgniter\Exceptions\FrameworkException::forInvalidFile('master.php')
 2 SYSTEMPATH\View\View.php(244): CodeIgniter\View\View->render('master', [], true)
 3 SYSTEMPATH\Common.php(1178): CodeIgniter\View\View->render('pages/home', [], true)
 4 APPPATH\Controllers\Home.php(9): view('pages/home')
 5 SYSTEMPATH\CodeIgniter.php(941): App\Controllers\Home->index()
 6 SYSTEMPATH\CodeIgniter.php(502): CodeIgniter\CodeIgniter->runController(Object(App\Controllers\Home))
 7 SYSTEMPATH\CodeIgniter.php(361): CodeIgniter\CodeIgniter->handleRequest(null, Object(Config\Cache), false)
 8 FCPATH\index.php(79): CodeIgniter\CodeIgniter->run()
 9 SYSTEMPATH\Commands\Server\rewrite.php(47): require_once('C:\\projects\\Loja-virtual\\Loja-Virtual\\public\\index.php')
CRITICAL - 2024-02-06 00:24:12 --> CodeIgniter\View\Exceptions\ViewException: Invalid file: "layouts/header.php"
in SYSTEMPATH\Exceptions\FrameworkException.php on line 39.
 1 SYSTEMPATH\View\View.php(216): CodeIgniter\Exceptions\FrameworkException::forInvalidFile('layouts/header.php')
 2 SYSTEMPATH\Common.php(1178): CodeIgniter\View\View->render('layouts/header', [], true)
 3 APPPATH\Controllers\UserController.php(16): view('layouts/header')
 4 SYSTEMPATH\CodeIgniter.php(941): App\Controllers\UserController->new()
 5 SYSTEMPATH\CodeIgniter.php(502): CodeIgniter\CodeIgniter->runController(Object(App\Controllers\UserController))
 6 SYSTEMPATH\CodeIgniter.php(361): CodeIgniter\CodeIgniter->handleRequest(null, Object(Config\Cache), false)
 7 FCPATH\index.php(79): CodeIgniter\CodeIgniter->run()
 8 SYSTEMPATH\Commands\Server\rewrite.php(47): require_once('C:\\projects\\Loja-virtual\\Loja-Virtual\\public\\index.php')
