ERROR - 2024-02-09 06:37:25 --> Error connecting to the database: mysqli_sql_exception: Nenhuma conexão pôde ser feita porque a máquina de destino as recusou ativamente in C:\projects\Loja-virtual\Loja-Virtual\system\Database\MySQLi\Connection.php:185
Stack trace:
#0 C:\projects\Loja-virtual\Loja-Virtual\system\Database\MySQLi\Connection.php(185): mysqli->real_connect('localhost', 'root', '', 'aula_php', 3306, '', 0)
#1 C:\projects\Loja-virtual\Loja-Virtual\system\Database\BaseConnection.php(392): CodeIgniter\Database\MySQLi\Connection->connect(false)
#2 C:\projects\Loja-virtual\Loja-Virtual\system\Database\BaseConnection.php(575): CodeIgniter\Database\BaseConnection->initialize()
#3 C:\projects\Loja-virtual\Loja-Virtual\system\Database\BaseBuilder.php(1613): CodeIgniter\Database\BaseConnection->query('SELECT *\nFROM `...', Array, false)
#4 C:\projects\Loja-virtual\Loja-Virtual\system\Model.php(242): CodeIgniter\Database\BaseBuilder->get()
#5 C:\projects\Loja-virtual\Loja-Virtual\system\BaseModel.php(638): CodeIgniter\Model->doFindAll(0, 0)
#6 C:\projects\Loja-virtual\Loja-Virtual\app\Models\HomeModel.php(45): CodeIgniter\BaseModel->findAll()
#7 C:\projects\Loja-virtual\Loja-Virtual\app\Controllers\Home.php(12): App\Models\HomeModel->getProdutos()
#8 C:\projects\Loja-virtual\Loja-Virtual\system\CodeIgniter.php(941): App\Controllers\Home->index()
#9 C:\projects\Loja-virtual\Loja-Virtual\system\CodeIgniter.php(502): CodeIgniter\CodeIgniter->runController(Object(App\Controllers\Home))
#10 C:\projects\Loja-virtual\Loja-Virtual\system\CodeIgniter.php(361): CodeIgniter\CodeIgniter->handleRequest(NULL, Object(Config\Cache), false)
#11 C:\projects\Loja-virtual\Loja-Virtual\public\index.php(79): CodeIgniter\CodeIgniter->run()
#12 C:\projects\Loja-virtual\Loja-Virtual\system\Commands\Server\rewrite.php(47): require_once('C:\\projects\\Loj...')
#13 {main}

Next CodeIgniter\Database\Exceptions\DatabaseException: Nenhuma conexão pôde ser feita porque a máquina de destino as recusou ativamente in C:\projects\Loja-virtual\Loja-Virtual\system\Database\MySQLi\Connection.php:229
Stack trace:
#0 C:\projects\Loja-virtual\Loja-Virtual\system\Database\BaseConnection.php(392): CodeIgniter\Database\MySQLi\Connection->connect(false)
#1 C:\projects\Loja-virtual\Loja-Virtual\system\Database\BaseConnection.php(575): CodeIgniter\Database\BaseConnection->initialize()
#2 C:\projects\Loja-virtual\Loja-Virtual\system\Database\BaseBuilder.php(1613): CodeIgniter\Database\BaseConnection->query('SELECT *\nFROM `...', Array, false)
#3 C:\projects\Loja-virtual\Loja-Virtual\system\Model.php(242): CodeIgniter\Database\BaseBuilder->get()
#4 C:\projects\Loja-virtual\Loja-Virtual\system\BaseModel.php(638): CodeIgniter\Model->doFindAll(0, 0)
#5 C:\projects\Loja-virtual\Loja-Virtual\app\Models\HomeModel.php(45): CodeIgniter\BaseModel->findAll()
#6 C:\projects\Loja-virtual\Loja-Virtual\app\Controllers\Home.php(12): App\Models\HomeModel->getProdutos()
#7 C:\projects\Loja-virtual\Loja-Virtual\system\CodeIgniter.php(941): App\Controllers\Home->index()
#8 C:\projects\Loja-virtual\Loja-Virtual\system\CodeIgniter.php(502): CodeIgniter\CodeIgniter->runController(Object(App\Controllers\Home))
#9 C:\projects\Loja-virtual\Loja-Virtual\system\CodeIgniter.php(361): CodeIgniter\CodeIgniter->handleRequest(NULL, Object(Config\Cache), false)
#10 C:\projects\Loja-virtual\Loja-Virtual\public\index.php(79): CodeIgniter\CodeIgniter->run()
#11 C:\projects\Loja-virtual\Loja-Virtual\system\Commands\Server\rewrite.php(47): require_once('C:\\projects\\Loj...')
#12 {main}
CRITICAL - 2024-02-09 06:37:25 --> CodeIgniter\Database\Exceptions\DatabaseException: Unable to connect to the database.
Main connection [MySQLi]: Nenhuma conexão pôde ser feita porque a máquina de destino as recusou ativamente
in SYSTEMPATH\Database\BaseConnection.php on line 428.
 1 SYSTEMPATH\Database\BaseConnection.php(575): CodeIgniter\Database\BaseConnection->initialize()
 2 SYSTEMPATH\Database\BaseBuilder.php(1613): CodeIgniter\Database\BaseConnection->query('SELECT *
FROM `produto`', [], false)
 3 SYSTEMPATH\Model.php(242): CodeIgniter\Database\BaseBuilder->get()
 4 SYSTEMPATH\BaseModel.php(638): CodeIgniter\Model->doFindAll(0, 0)
 5 APPPATH\Models\HomeModel.php(45): CodeIgniter\BaseModel->findAll()
 6 APPPATH\Controllers\Home.php(12): App\Models\HomeModel->getProdutos()
 7 SYSTEMPATH\CodeIgniter.php(941): App\Controllers\Home->index()
 8 SYSTEMPATH\CodeIgniter.php(502): CodeIgniter\CodeIgniter->runController(Object(App\Controllers\Home))
 9 SYSTEMPATH\CodeIgniter.php(361): CodeIgniter\CodeIgniter->handleRequest(null, Object(Config\Cache), false)
10 FCPATH\index.php(79): CodeIgniter\CodeIgniter->run()
11 SYSTEMPATH\Commands\Server\rewrite.php(47): require_once('C:\\projects\\Loja-virtual\\Loja-Virtual\\public\\index.php')
